#
# A fatal error has been detected by the Java Runtime Environment:
#
#  SIGILL (0x4) at pc=0x00007fff36aeb53f, pid=23717, tid=0x0000000000000307
#
# JRE version: Java(TM) SE Runtime Environment (8.0_261-b12) (build 1.8.0_261-b12)
# Java VM: Java HotSpot(TM) 64-Bit Server VM (25.261-b12 mixed mode bsd-amd64 compressed oops)
# Problematic frame:
# C  [AppKit+0x41e53f]  -[NSApplication _crashOnException:]+0x6d
#
# Failed to write core dump. Core dumps have been disabled. To enable core dumping, try "ulimit -c unlimited" before starting Java again
#
# If you would like to submit a bug report, please visit:
#   http://bugreport.java.com/bugreport/crash.jsp
# The crash happened outside the Java Virtual Machine in native code.
# See problematic frame for where to report the bug.
#

---------------  T H R E A D  ---------------

Current thread (0x00007fd195182000):  JavaThread "AppKit Thread" daemon [_thread_in_native, id=775, stack(0x00007ffeef10b000,0x00007ffeef90b000)]

siginfo: si_signo: 4 (SIGILL), si_code: 1 (ILL_ILLOPC), si_addr: 0x00007fff36aeb53f

Registers:
RAX=0x00007fd1962e8800, RBX=0x00007fd194e592f0, RCX=0x0000000000000000, RDX=0x0000000000000e08
RSP=0x00007ffeef906280, RBP=0x00007ffeef906290, RSI=0x00007ffeef905e20, RDI=0x0000000000000000
R8 =0x0000000000000008, R9 =0x0000000000000e00, R10=0x0000000000000008, R11=0x00007fd1962e9608
R12=0x00007fd194fde560, R13=0x00007fd195004fb8, R14=0x00007fff638fb680, R15=0x00007fff3915d28f
RIP=0x00007fff36aeb53f, EFLAGS=0x0000000000010202, ERR=0x0000000000000000
  TRAPNO=0x0000000000000006

Top of Stack: (sp=0x00007ffeef906280)
0x00007ffeef906280:   00007fd194e5a460 00007fd194fde600
0x00007ffeef906290:   00007ffeef9063c0 00007fff367e9190
0x00007ffeef9062a0:   ad0b001ccb5000b1 0000000000000002
0x00007ffeef9062b0:   00007fd194e00c80 00007fd194cbf690
0x00007ffeef9062c0:   00000000000000f8 0000000000000003
0x00007ffeef9062d0:   00007ffeef9063d0 00007fff3676df67
0x00007ffeef9062e0:   00000008ef906340 00007fd194d00000
0x00007ffeef9062f0:   0000000000000000 00007fd1951821f8
0x00007ffeef906300:   0000000000000000 0000000000000003
0x00007ffeef906310:   00007ffeef9063a0 00007fff65287282
0x00007ffeef906320:   00007ffeef906340 00007fd194efc080
0x00007ffeef906330:   0000000000000003 00007ffeef906360
0x00007ffeef906340:   00007ffeef906360 00007fd194e59ab0
0x00007ffeef906350:   0000000000000940 00007fd194e00000
0x00007ffeef906360:   00007fd194e59ab0 00007fd194e59ae0
0x00007ffeef906370:   0000000100317800 0000000000000003
0x00007ffeef906380:   000000002b3100c5 00007fd194fde600
0x00007ffeef906390:   ad0b001ccb5000b1 00007fd194fde560
0x00007ffeef9063a0:   00007fd194fde600 0000000000000002
0x00007ffeef9063b0:   0000000000000000 00007fff3915d28f
0x00007ffeef9063c0:   00007ffeef9063d0 00007fff3914fc34
0x00007ffeef9063d0:   00007ffeef906480 00007fff3914fb69
0x00007ffeef9063e0:   00007fd194fde560 00007fd194e00b00
0x00007ffeef9063f0:   00007ffeef906480 00007fff3914fa12
0x00007ffeef906400:   0000000500002d8a 00007fd194e00c80
0x00007ffeef906410:   00007ffeef9063e0 00007ffeef906400
0x00007ffeef906420:   00007ffeef9063e0 00007fd194e00c90
0x00007ffeef906430:   00007fd194e00b10 0000000000000002
0x00007ffeef906440:   00007fd194e00b00 0000000000000001
0x00007ffeef906450:   ad0b001ccb5000b1 00007fd194e00b00
0x00007ffeef906460:   0000000000000001 0000000000000000
0x00007ffeef906470:   0000000000000a03 00007fd194e00c80 

Instructions: (pc=0x00007fff36aeb53f)
0x00007fff36aeb51f:   48 89 c7 ff 15 80 1b ef 5c 48 8b 35 a9 7e 1d 5d
0x00007fff36aeb52f:   48 89 c7 ff 15 70 1b ef 5c 48 89 05 39 36 25 5d
0x00007fff36aeb53f:   0f 0b 48 89 c7 e8 b5 ce 75 00 31 ff 31 f6 31 c0
0x00007fff36aeb54f:   e8 fa 17 d7 ff e8 d5 ce 75 00 0f 0b 48 89 c3 e8 

Register to memory mapping:

RAX=0x00007fd1962e8800 is an unknown value
RBX=0x00007fd194e592f0 is an unknown value
RCX=0x0000000000000000 is an unknown value
RDX=0x0000000000000e08 is an unknown value
RSP=0x00007ffeef906280 is pointing into the stack for thread: 0x00007fd195182000
RBP=0x00007ffeef906290 is pointing into the stack for thread: 0x00007fd195182000
RSI=0x00007ffeef905e20 is pointing into the stack for thread: 0x00007fd195182000
RDI=0x0000000000000000 is an unknown value
R8 =0x0000000000000008 is an unknown value
R9 =0x0000000000000e00 is an unknown value
R10=0x0000000000000008 is an unknown value
R11=0x00007fd1962e9608 is an unknown value
R12=0x00007fd194fde560 is an unknown value
R13=0x00007fd195004fb8 is an unknown value
R14=0x00007fff638fb680: objc_msgSend+0 in /usr/lib/libobjc.A.dylib at 0x00007fff638f5000
R15=0x00007fff3915d28f: _runLoopObserverWithBlockContext+0 in /System/Library/Frameworks/CoreFoundation.framework/Versions/A/CoreFoundation at 0x00007fff390b7000


Stack: [0x00007ffeef10b000,0x00007ffeef90b000],  sp=0x00007ffeef906280,  free space=8172k
Native frames: (J=compiled Java code, j=interpreted, Vv=VM code, C=native code)
C  [AppKit+0x41e53f]  -[NSApplication _crashOnException:]+0x6d
C  [AppKit+0x11c190]  __65+[CATransaction(NSCATransaction) NS_setFlushesWithDisplayRefresh]_block_invoke+0x349
C  [CoreFoundation+0x98c34]  __CFRUNLOOP_IS_CALLING_OUT_TO_AN_OBSERVER_CALLBACK_FUNCTION__+0x17
C  [CoreFoundation+0x98b69]  __CFRunLoopDoObservers+0x1c3
C  [CoreFoundation+0x3b1a0]  __CFRunLoopRun+0x470
C  [CoreFoundation+0x3aade]  CFRunLoopRunSpecific+0x1c7
C  [HIToolbox+0xb1ab]  RunCurrentEventLoopInMode+0x124
C  [HIToolbox+0xaee5]  ReceiveNextEventCommon+0x25b
C  [HIToolbox+0xac76]  _BlockUntilNextEventMatchingListInModeWithFilter+0x40
C  [AppKit+0x1ae89]  _DPSNextEvent+0x46f
C  [AppKit+0x19b77]  -[NSApplication(NSEvent) _nextEventMatchingEventMask:untilDate:inMode:dequeue:]+0x551
C  [libosxapp.dylib+0x2ab8]  -[NSApplicationAWT nextEventMatchingMask:untilDate:inMode:dequeue:]+0x79
C  [AppKit+0x13c94]  -[NSApplication run]+0x2bb
C  [libosxapp.dylib+0x28fd]  +[NSApplicationAWT runAWTLoopWithApp:]+0xde
C  [libawt_lwawt.dylib+0x45ecd]  -[AWTStarter starter:]+0x365
C  [Foundation+0xb0ce2]  __NSThreadPerformPerform+0x148
C  [CoreFoundation+0x5839b]  __CFRUNLOOP_IS_CALLING_OUT_TO_A_SOURCE0_PERFORM_FUNCTION__+0x11
C  [CoreFoundation+0x58341]  __CFRunLoopDoSource0+0x6c
C  [CoreFoundation+0x3bc0b]  __CFRunLoopDoSources0+0xc3
C  [CoreFoundation+0x3b1d5]  __CFRunLoopRun+0x4a5
C  [CoreFoundation+0x3aade]  CFRunLoopRunSpecific+0x1c7
C  [java+0x5312]  CreateExecutionEnvironment+0x37e
C  [java+0x183e]  JLI_Launch+0x75e
C  [java+0x7c79]  main+0x44
C  [libdyld.dylib+0x163d5]  start+0x1
C  0x0000000000000008


---------------  P R O C E S S  ---------------

Java Threads: ( => current thread )
  0x00007fd1962ac800 JavaThread "DestroyJavaVM" [_thread_blocked, id=6659, stack(0x000070000fa83000,0x000070000fb83000)]
  0x00007fd1962b7800 JavaThread "LWJGL Application" [_thread_in_native, id=57603, stack(0x0000700010cc2000,0x0000700010dc2000)]
  0x00007fd195079800 JavaThread "AWT-Shutdown" [_thread_blocked, id=39979, stack(0x00007000108ad000,0x00007000109ad000)]
=>0x00007fd195182000 JavaThread "AppKit Thread" daemon [_thread_in_native, id=775, stack(0x00007ffeef10b000,0x00007ffeef90b000)]
  0x00007fd19504b000 JavaThread "Service Thread" daemon [_thread_blocked, id=14339, stack(0x00007000106a7000,0x00007000107a7000)]
  0x00007fd195006800 JavaThread "C1 CompilerThread2" daemon [_thread_blocked, id=18179, stack(0x00007000105a4000,0x00007000106a4000)]
  0x00007fd19582c800 JavaThread "C2 CompilerThread1" daemon [_thread_blocked, id=13827, stack(0x00007000104a1000,0x00007000105a1000)]
  0x00007fd19600a000 JavaThread "C2 CompilerThread0" daemon [_thread_blocked, id=13571, stack(0x000070001039e000,0x000070001049e000)]
  0x00007fd196824800 JavaThread "Signal Dispatcher" daemon [_thread_blocked, id=18691, stack(0x000070001029b000,0x000070001039b000)]
  0x00007fd196809000 JavaThread "Finalizer" daemon [_thread_blocked, id=12035, stack(0x0000700010198000,0x0000700010298000)]
  0x00007fd196009000 JavaThread "Reference Handler" daemon [_thread_blocked, id=20739, stack(0x0000700010095000,0x0000700010195000)]

Other Threads:
  0x00007fd19581f800 VMThread [stack: 0x000070000ff92000,0x0000700010092000] [id=11523]
  0x00007fd196001000 WatcherThread [stack: 0x00007000107aa000,0x00007000108aa000] [id=17411]

VM state:not at safepoint (normal execution)

VM Mutex/Monitor currently owned by a thread: None

heap address: 0x0000000740000000, size: 2048 MB, Compressed Oops mode: Zero based, Oop shift amount: 3
Narrow klass base: 0x0000000000000000, Narrow klass shift: 3
Compressed class space size: 1073741824 Address: 0x00000007c0000000

Heap:
 PSYoungGen      total 38400K, used 13581K [0x0000000795580000, 0x0000000798000000, 0x00000007c0000000)
  eden space 33280K, 40% used [0x0000000795580000,0x00000007962c3598,0x0000000797600000)
  from space 5120K, 0% used [0x0000000797b00000,0x0000000797b00000,0x0000000798000000)
  to   space 5120K, 0% used [0x0000000797600000,0x0000000797600000,0x0000000797b00000)
 ParOldGen       total 87552K, used 0K [0x0000000740000000, 0x0000000745580000, 0x0000000795580000)
  object space 87552K, 0% used [0x0000000740000000,0x0000000740000000,0x0000000745580000)
 Metaspace       used 9206K, capacity 9381K, committed 9472K, reserved 1058816K
  class space    used 934K, capacity 985K, committed 1024K, reserved 1048576K

Card table byte_map: [0x0000000101dcc000,0x00000001021cd000] byte_map_base: 0x00000000fe3cc000

Marking Bits: (ParMarkBitMap*) 0x0000000101328748
 Begin Bits: [0x0000000102478000, 0x0000000104478000)
 End Bits:   [0x0000000104478000, 0x0000000106478000)

Polling page: 0x000000010036f000

CodeCache: size=245760Kb used=2322Kb max_used=2322Kb free=243437Kb
 bounds [0x0000000109899000, 0x0000000109b09000, 0x0000000118899000]
 total_blobs=961 nmethods=529 adapters=346
 compilation: enabled

Compilation events (10 events):
Event: 1.629 Thread 0x00007fd195006800  439       3       java.lang.Integer::valueOf (32 bytes)
Event: 1.629 Thread 0x00007fd195006800 nmethod 439 0x0000000109aa2390 code [0x0000000109aa2520, 0x0000000109aa2870]
Event: 1.629 Thread 0x00007fd195006800  440       3       java.nio.Buffer::remaining (10 bytes)
Event: 1.629 Thread 0x00007fd195006800 nmethod 440 0x0000000109aa2a10 code [0x0000000109aa2b60, 0x0000000109aa2cb0]
Event: 1.645 Thread 0x00007fd195006800  441       3       java.lang.StringBuffer::<init> (6 bytes)
Event: 1.645 Thread 0x00007fd195006800 nmethod 441 0x0000000109aa2d10 code [0x0000000109aa2e80, 0x0000000109aa3130]
Event: 1.732 Thread 0x00007fd195006800  442       3       java.io.File::<init> (113 bytes)
Event: 1.732 Thread 0x00007fd195006800 nmethod 442 0x0000000109aa3250 code [0x0000000109aa3480, 0x0000000109aa3f38]
Event: 1.734 Thread 0x00007fd195006800  443       1       java.nio.Buffer::position (5 bytes)
Event: 1.734 Thread 0x00007fd195006800 nmethod 443 0x0000000109aa4410 code [0x0000000109aa4560, 0x0000000109aa4670]

GC Heap History (0 events):
No events

Deoptimization events (1 events):
Event: 0.213 Thread 0x00007fd195005000 Uncommon trap: reason=unstable_if action=reinterpret pc=0x00000001099d2784 method=java.lang.String.indexOf(II)I @ 49

Classes redefined (0 events):
No events

Internal exceptions (10 events):
Event: 0.725 Thread 0x00007fd195005000 Exception <a 'java/lang/NoSuchFieldError': method resolution failed> (0x0000000795bdfaf8) thrown at [/jenkins/workspace/8-2-build-macosx-x86_64/jdk8u261/295/hotspot/src/share/vm/prims/methodHandles.cpp, line 1169]
Event: 0.726 Thread 0x00007fd195005000 Exception <a 'java/lang/NoSuchFieldError': method resolution failed> (0x0000000795bed1e8) thrown at [/jenkins/workspace/8-2-build-macosx-x86_64/jdk8u261/295/hotspot/src/share/vm/prims/methodHandles.cpp, line 1169]
Event: 1.072 Thread 0x00007fd195005000 Exception <a 'java/io/FileNotFoundException'> (0x0000000795c69640) thrown at [/jenkins/workspace/8-2-build-macosx-x86_64/jdk8u261/295/hotspot/src/share/vm/prims/jni.cpp, line 710]
Event: 1.072 Thread 0x00007fd195005000 Exception <a 'java/io/FileNotFoundException'> (0x0000000795c6a1c0) thrown at [/jenkins/workspace/8-2-build-macosx-x86_64/jdk8u261/295/hotspot/src/share/vm/prims/jni.cpp, line 710]
Event: 1.198 Thread 0x00007fd195005000 Exception <a 'java/security/PrivilegedActionException'> (0x0000000795c7e3c8) thrown at [/jenkins/workspace/8-2-build-macosx-x86_64/jdk8u261/295/hotspot/src/share/vm/prims/jvm.cpp, line 1512]
Event: 1.198 Thread 0x00007fd195005000 Exception <a 'java/security/PrivilegedActionException'> (0x0000000795c7ffb0) thrown at [/jenkins/workspace/8-2-build-macosx-x86_64/jdk8u261/295/hotspot/src/share/vm/prims/jvm.cpp, line 1512]
Event: 1.198 Thread 0x00007fd195005000 Exception <a 'java/security/PrivilegedActionException'> (0x0000000795c810d0) thrown at [/jenkins/workspace/8-2-build-macosx-x86_64/jdk8u261/295/hotspot/src/share/vm/prims/jvm.cpp, line 1512]
Event: 1.199 Thread 0x00007fd195005000 Exception <a 'java/security/PrivilegedActionException'> (0x0000000795c861f0) thrown at [/jenkins/workspace/8-2-build-macosx-x86_64/jdk8u261/295/hotspot/src/share/vm/prims/jvm.cpp, line 1512]
Event: 1.199 Thread 0x00007fd195005000 Exception <a 'java/security/PrivilegedActionException'> (0x0000000795c86e48) thrown at [/jenkins/workspace/8-2-build-macosx-x86_64/jdk8u261/295/hotspot/src/share/vm/prims/jvm.cpp, line 1512]
Event: 1.199 Thread 0x00007fd195005000 Exception <a 'java/security/PrivilegedActionException'> (0x0000000795c87a70) thrown at [/jenkins/workspace/8-2-build-macosx-x86_64/jdk8u261/295/hotspot/src/share/vm/prims/jvm.cpp, line 1512]

Events (10 events):
Event: 1.731 loading class org/lwjgl/opengl/BaseReferences
Event: 1.731 loading class org/lwjgl/opengl/BaseReferences done
Event: 1.731 loading class org/lwjgl/opengl/References
Event: 1.731 loading class org/lwjgl/opengl/References done
Event: 1.732 loading class org/lwjgl/opengl/FastIntMap
Event: 1.732 loading class org/lwjgl/opengl/FastIntMap done
Event: 1.733 loading class org/lwjgl/opengl/FastIntMap$Entry
Event: 1.733 loading class org/lwjgl/opengl/FastIntMap$Entry done
Event: 1.733 loading class org/lwjgl/opengl/StateStack
Event: 1.733 loading class org/lwjgl/opengl/StateStack done


Dynamic libraries:
0x00007fff38842000 	/System/Library/Frameworks/Cocoa.framework/Versions/A/Cocoa
0x00007fff44612000 	/System/Library/Frameworks/Security.framework/Versions/A/Security
0x00007fff374d4000 	/System/Library/Frameworks/ApplicationServices.framework/Versions/A/ApplicationServices
0x00007fff64765000 	/usr/lib/libz.1.dylib
0x00007fff620bb000 	/usr/lib/libSystem.B.dylib
0x00007fff390b7000 	/System/Library/Frameworks/CoreFoundation.framework/Versions/A/CoreFoundation
0x00007fff3b33f000 	/System/Library/Frameworks/Foundation.framework/Versions/C/Foundation
0x00007fff638f5000 	/usr/lib/libobjc.A.dylib
0x00007fff366cd000 	/System/Library/Frameworks/AppKit.framework/Versions/C/AppKit
0x00007fff38c40000 	/System/Library/Frameworks/CoreData.framework/Versions/A/CoreData
0x00007fff5bb80000 	/System/Library/PrivateFrameworks/RemoteViewServices.framework/Versions/A/RemoteViewServices
0x00007fff5fdf7000 	/System/Library/PrivateFrameworks/UIFoundation.framework/Versions/A/UIFoundation
0x00007fff614dc000 	/System/Library/PrivateFrameworks/XCTTargetBootstrap.framework/Versions/A/XCTTargetBootstrap
0x00007fff38fc6000 	/System/Library/Frameworks/CoreDisplay.framework/Versions/A/CoreDisplay
0x00007fff56865000 	/System/Library/PrivateFrameworks/IconServices.framework/Versions/A/IconServices
0x00007fff3dc76000 	/System/Library/Frameworks/Metal.framework/Versions/A/Metal
0x00007fff4dda3000 	/System/Library/PrivateFrameworks/DesktopServicesPriv.framework/Versions/A/DesktopServicesPriv
0x00007fff62c58000 	/usr/lib/libenergytrace.dylib
0x00007fff5e2df000 	/System/Library/PrivateFrameworks/SkyLight.framework/Versions/A/SkyLight
0x00007fff394ff000 	/System/Library/Frameworks/CoreGraphics.framework/Versions/A/CoreGraphics
0x00007fff35499000 	/System/Library/Frameworks/Accelerate.framework/Versions/A/Accelerate
0x00007fff3ba89000 	/System/Library/Frameworks/IOSurface.framework/Versions/A/IOSurface
0x00007fff4dc0f000 	/System/Library/PrivateFrameworks/DFRFoundation.framework/Versions/A/DFRFoundation
0x00007fff379b7000 	/System/Library/Frameworks/AudioToolbox.framework/Versions/A/AudioToolbox
0x00007fff37c30000 	/System/Library/Frameworks/AudioUnit.framework/Versions/A/AudioUnit
0x00007fff4dca4000 	/System/Library/PrivateFrameworks/DataDetectorsCore.framework/Versions/A/DataDetectorsCore
0x00007fff38345000 	/System/Library/Frameworks/Carbon.framework/Versions/A/Frameworks/HIToolbox.framework/Versions/A/HIToolbox
0x00007fff62db1000 	/usr/lib/libicucore.A.dylib
0x00007fff43b83000 	/System/Library/Frameworks/QuartzCore.framework/Versions/A/QuartzCore
0x00007fff3871a000 	/System/Library/Frameworks/Carbon.framework/Versions/A/Frameworks/SpeechRecognition.framework/Versions/A/SpeechRecognition
0x00007fff6220f000 	/usr/lib/libauto.dylib
0x00007fff64658000 	/usr/lib/libxml2.2.dylib
0x00007fff4d7ea000 	/System/Library/PrivateFrameworks/CoreUI.framework/Versions/A/CoreUI
0x00007fff38b2b000 	/System/Library/Frameworks/CoreAudio.framework/Versions/A/CoreAudio
0x00007fff3b173000 	/System/Library/Frameworks/DiskArbitration.framework/Versions/A/DiskArbitration
0x00007fff6305f000 	/usr/lib/liblangid.dylib
0x00007fff57cc2000 	/System/Library/PrivateFrameworks/MultitouchSupport.framework/Versions/A/MultitouchSupport
0x00007fff3b9f8000 	/System/Library/Frameworks/IOKit.framework/Versions/A/IOKit
0x00007fff61c7b000 	/usr/lib/libDiagnosticMessagesClient.dylib
0x00007fff3a30f000 	/System/Library/Frameworks/CoreServices.framework/Versions/A/CoreServices
0x00007fff5997f000 	/System/Library/PrivateFrameworks/PerformanceAnalysis.framework/Versions/A/PerformanceAnalysis
0x00007fff42d6a000 	/System/Library/Frameworks/OpenGL.framework/Versions/A/OpenGL
0x00007fff38850000 	/System/Library/Frameworks/ColorSync.framework/Versions/A/ColorSync
0x00007fff39b91000 	/System/Library/Frameworks/CoreImage.framework/Versions/A/CoreImage
0x00007fff3ace7000 	/System/Library/Frameworks/CoreText.framework/Versions/A/CoreText
0x00007fff3baec000 	/System/Library/Frameworks/ImageIO.framework/Versions/A/ImageIO
0x00007fff49e3a000 	/System/Library/PrivateFrameworks/Backup.framework/Versions/A/Backup
0x00007fff62162000 	/usr/lib/libarchive.2.dylib
0x00007fff37f89000 	/System/Library/Frameworks/CFNetwork.framework/Versions/A/CFNetwork
0x00007fff44d6f000 	/System/Library/Frameworks/SystemConfiguration.framework/Versions/A/SystemConfiguration
0x00007fff61bac000 	/usr/lib/libCRFSuite.dylib
0x00007fff62300000 	/usr/lib/libc++.1.dylib
0x00007fff62354000 	/usr/lib/libc++abi.dylib
0x00007fff64f5b000 	/usr/lib/system/libcache.dylib
0x00007fff64f60000 	/usr/lib/system/libcommonCrypto.dylib
0x00007fff64f6b000 	/usr/lib/system/libcompiler_rt.dylib
0x00007fff64f73000 	/usr/lib/system/libcopyfile.dylib
0x00007fff64f7d000 	/usr/lib/system/libcorecrypto.dylib
0x00007fff65089000 	/usr/lib/system/libdispatch.dylib
0x00007fff650c3000 	/usr/lib/system/libdyld.dylib
0x00007fff650f0000 	/usr/lib/system/libkeymgr.dylib
0x00007fff650fe000 	/usr/lib/system/liblaunch.dylib
0x00007fff650ff000 	/usr/lib/system/libmacho.dylib
0x00007fff65105000 	/usr/lib/system/libquarantine.dylib
0x00007fff65108000 	/usr/lib/system/libremovefile.dylib
0x00007fff6510a000 	/usr/lib/system/libsystem_asl.dylib
0x00007fff65122000 	/usr/lib/system/libsystem_blocks.dylib
0x00007fff65123000 	/usr/lib/system/libsystem_c.dylib
0x00007fff651ab000 	/usr/lib/system/libsystem_configuration.dylib
0x00007fff651af000 	/usr/lib/system/libsystem_coreservices.dylib
0x00007fff651b3000 	/usr/lib/system/libsystem_darwin.dylib
0x00007fff651ba000 	/usr/lib/system/libsystem_dnssd.dylib
0x00007fff651c1000 	/usr/lib/system/libsystem_info.dylib
0x00007fff65236000 	/usr/lib/system/libsystem_m.dylib
0x00007fff65282000 	/usr/lib/system/libsystem_malloc.dylib
0x00007fff652ad000 	/usr/lib/system/libsystem_networkextension.dylib
0x00007fff652b8000 	/usr/lib/system/libsystem_notify.dylib
0x00007fff652d5000 	/usr/lib/system/libsystem_sandbox.dylib
0x00007fff652d9000 	/usr/lib/system/libsystem_secinit.dylib
0x00007fff6520d000 	/usr/lib/system/libsystem_kernel.dylib
0x00007fff652c0000 	/usr/lib/system/libsystem_platform.dylib
0x00007fff652ca000 	/usr/lib/system/libsystem_pthread.dylib
0x00007fff652dc000 	/usr/lib/system/libsystem_symptoms.dylib
0x00007fff652e4000 	/usr/lib/system/libsystem_trace.dylib
0x00007fff652fb000 	/usr/lib/system/libunwind.dylib
0x00007fff65301000 	/usr/lib/system/libxpc.dylib
0x00007fff622e1000 	/usr/lib/libbsm.0.dylib
0x00007fff650f1000 	/usr/lib/system/libkxld.dylib
0x00007fff4922a000 	/System/Library/PrivateFrameworks/AppleFSCompression.framework/Versions/A/AppleFSCompression
0x00007fff61f7b000 	/usr/lib/libOpenScriptingUtil.dylib
0x00007fff62609000 	/usr/lib/libcoretls.dylib
0x00007fff62620000 	/usr/lib/libcoretls_cfhelpers.dylib
0x00007fff6408c000 	/usr/lib/libpam.2.dylib
0x00007fff6424c000 	/usr/lib/libsqlite3.dylib
0x00007fff64646000 	/usr/lib/libxar.1.dylib
0x00007fff622f2000 	/usr/lib/libbz2.1.0.dylib
0x00007fff63061000 	/usr/lib/liblzma.5.dylib
0x00007fff63512000 	/usr/lib/libnetwork.dylib
0x00007fff6214b000 	/usr/lib/libapple_nghttp2.dylib
0x00007fff64093000 	/usr/lib/libpcap.A.dylib
0x00007fff3a6ae000 	/System/Library/Frameworks/CoreServices.framework/Versions/A/Frameworks/FSEvents.framework/Versions/A/FSEvents
0x00007fff3a38d000 	/System/Library/Frameworks/CoreServices.framework/Versions/A/Frameworks/CarbonCore.framework/Versions/A/CarbonCore
0x00007fff3a869000 	/System/Library/Frameworks/CoreServices.framework/Versions/A/Frameworks/Metadata.framework/Versions/A/Metadata
0x00007fff3a908000 	/System/Library/Frameworks/CoreServices.framework/Versions/A/Frameworks/OSServices.framework/Versions/A/OSServices
0x00007fff3a953000 	/System/Library/Frameworks/CoreServices.framework/Versions/A/Frameworks/SearchKit.framework/Versions/A/SearchKit
0x00007fff3a310000 	/System/Library/Frameworks/CoreServices.framework/Versions/A/Frameworks/AE.framework/Versions/A/AE
0x00007fff3a6b7000 	/System/Library/Frameworks/CoreServices.framework/Versions/A/Frameworks/LaunchServices.framework/Versions/A/LaunchServices
0x00007fff3a665000 	/System/Library/Frameworks/CoreServices.framework/Versions/A/Frameworks/DictionaryServices.framework/Versions/A/DictionaryServices
0x00007fff3a9bb000 	/System/Library/Frameworks/CoreServices.framework/Versions/A/Frameworks/SharedFileList.framework/Versions/A/SharedFileList
0x00007fff3ed45000 	/System/Library/Frameworks/NetFS.framework/Versions/A/NetFS
0x00007fff57f28000 	/System/Library/PrivateFrameworks/NetAuth.framework/Versions/A/NetAuth
0x00007fff618e0000 	/System/Library/PrivateFrameworks/login.framework/Versions/A/Frameworks/loginsupport.framework/Versions/A/loginsupport
0x00007fff5fa00000 	/System/Library/PrivateFrameworks/TCC.framework/Versions/A/TCC
0x00007fff4ce47000 	/System/Library/PrivateFrameworks/CoreNLP.framework/Versions/A/CoreNLP
0x00007fff5796c000 	/System/Library/PrivateFrameworks/MetadataUtilities.framework/Versions/A/MetadataUtilities
0x00007fff63136000 	/usr/lib/libmecabra.dylib
0x00007fff374d5000 	/System/Library/Frameworks/ApplicationServices.framework/Versions/A/Frameworks/ATS.framework/Versions/A/ATS
0x00007fff37824000 	/System/Library/Frameworks/ApplicationServices.framework/Versions/A/Frameworks/ColorSyncLegacy.framework/Versions/A/ColorSyncLegacy
0x00007fff378c3000 	/System/Library/Frameworks/ApplicationServices.framework/Versions/A/Frameworks/HIServices.framework/Versions/A/HIServices
0x00007fff37916000 	/System/Library/Frameworks/ApplicationServices.framework/Versions/A/Frameworks/LangAnalysis.framework/Versions/A/LangAnalysis
0x00007fff37926000 	/System/Library/Frameworks/ApplicationServices.framework/Versions/A/Frameworks/PrintCore.framework/Versions/A/PrintCore
0x00007fff37970000 	/System/Library/Frameworks/ApplicationServices.framework/Versions/A/Frameworks/QD.framework/Versions/A/QD
0x00007fff379aa000 	/System/Library/Frameworks/ApplicationServices.framework/Versions/A/Frameworks/SpeechSynthesis.framework/Versions/A/SpeechSynthesis
0x00007fff6237c000 	/usr/lib/libcompression.dylib
0x00007fff3df46000 	/System/Library/Frameworks/MetalPerformanceShaders.framework/Versions/A/MetalPerformanceShaders
0x00007fff354b1000 	/System/Library/Frameworks/Accelerate.framework/Versions/A/Frameworks/vImage.framework/Versions/A/vImage
0x00007fff3652b000 	/System/Library/Frameworks/Accelerate.framework/Versions/A/Frameworks/vecLib.framework/Versions/A/vecLib
0x00007fff36477000 	/System/Library/Frameworks/Accelerate.framework/Versions/A/Frameworks/vecLib.framework/Versions/A/libvMisc.dylib
0x00007fff3628f000 	/System/Library/Frameworks/Accelerate.framework/Versions/A/Frameworks/vecLib.framework/Versions/A/libvDSP.dylib
0x00007fff35b4b000 	/System/Library/Frameworks/Accelerate.framework/Versions/A/Frameworks/vecLib.framework/Versions/A/libBLAS.dylib
0x00007fff35e38000 	/System/Library/Frameworks/Accelerate.framework/Versions/A/Frameworks/vecLib.framework/Versions/A/libLAPACK.dylib
0x00007fff361e2000 	/System/Library/Frameworks/Accelerate.framework/Versions/A/Frameworks/vecLib.framework/Versions/A/libLinearAlgebra.dylib
0x00007fff3627b000 	/System/Library/Frameworks/Accelerate.framework/Versions/A/Frameworks/vecLib.framework/Versions/A/libSparseBLAS.dylib
0x00007fff361f8000 	/System/Library/Frameworks/Accelerate.framework/Versions/A/Frameworks/vecLib.framework/Versions/A/libQuadrature.dylib
0x00007fff35dc5000 	/System/Library/Frameworks/Accelerate.framework/Versions/A/Frameworks/vecLib.framework/Versions/A/libBNNS.dylib
0x00007fff361fe000 	/System/Library/Frameworks/Accelerate.framework/Versions/A/Frameworks/vecLib.framework/Versions/A/libSparse.dylib
0x00007fff54195000 	/System/Library/PrivateFrameworks/GPUWrangler.framework/Versions/A/GPUWrangler
0x00007fff5649a000 	/System/Library/PrivateFrameworks/IOAccelerator.framework/Versions/A/IOAccelerator
0x00007fff564a5000 	/System/Library/PrivateFrameworks/IOPresentment.framework/Versions/A/IOPresentment
0x00007fff4dc1f000 	/System/Library/PrivateFrameworks/DSExternalDisplay.framework/Versions/A/DSExternalDisplay
0x00007fff421c1000 	/System/Library/Frameworks/OpenGL.framework/Versions/A/Libraries/libCoreFSCache.dylib
0x00007fff3dd3a000 	/System/Library/Frameworks/MetalPerformanceShaders.framework/Frameworks/MPSCore.framework/Versions/A/MPSCore
0x00007fff3dd5a000 	/System/Library/Frameworks/MetalPerformanceShaders.framework/Frameworks/MPSImage.framework/Versions/A/MPSImage
0x00007fff3ddff000 	/System/Library/Frameworks/MetalPerformanceShaders.framework/Frameworks/MPSNeuralNetwork.framework/Versions/A/MPSNeuralNetwork
0x00007fff3ddd7000 	/System/Library/Frameworks/MetalPerformanceShaders.framework/Frameworks/MPSMatrix.framework/Versions/A/MPSMatrix
0x00007fff3df2b000 	/System/Library/Frameworks/MetalPerformanceShaders.framework/Frameworks/MPSRayIntersector.framework/Versions/A/MPSRayIntersector
0x00007fff57995000 	/System/Library/PrivateFrameworks/MetalTools.framework/Versions/A/MetalTools
0x00007fff48ad2000 	/System/Library/PrivateFrameworks/AggregateDictionary.framework/Versions/A/AggregateDictionary
0x00007fff61f5b000 	/usr/lib/libMobileGestalt.dylib
0x00007fff3ae4c000 	/System/Library/Frameworks/CoreVideo.framework/Versions/A/CoreVideo
0x00007fff54fa6000 	/System/Library/PrivateFrameworks/GraphVisualizer.framework/Versions/A/GraphVisualizer
0x00007fff4ee25000 	/System/Library/PrivateFrameworks/FaceCore.framework/Versions/A/FaceCore
0x00007fff417ef000 	/System/Library/Frameworks/OpenCL.framework/Versions/A/OpenCL
0x00007fff61cb3000 	/usr/lib/libFosl_dynamic.dylib
0x00007fff58794000 	/System/Library/PrivateFrameworks/OTSVG.framework/Versions/A/OTSVG
0x00007fff375d9000 	/System/Library/Frameworks/ApplicationServices.framework/Versions/A/Frameworks/ATS.framework/Versions/A/Resources/libFontParser.dylib
0x00007fff376f1000 	/System/Library/Frameworks/ApplicationServices.framework/Versions/A/Frameworks/ATS.framework/Versions/A/Resources/libFontRegistry.dylib
0x00007fff3bd5c000 	/System/Library/Frameworks/ImageIO.framework/Versions/A/Resources/libJPEG.dylib
0x00007fff3c081000 	/System/Library/Frameworks/ImageIO.framework/Versions/A/Resources/libTIFF.dylib
0x00007fff3c057000 	/System/Library/Frameworks/ImageIO.framework/Versions/A/Resources/libPng.dylib
0x00007fff3bc7a000 	/System/Library/Frameworks/ImageIO.framework/Versions/A/Resources/libGIF.dylib
0x00007fff3bc7f000 	/System/Library/Frameworks/ImageIO.framework/Versions/A/Resources/libJP2.dylib
0x00007fff3c07e000 	/System/Library/Frameworks/ImageIO.framework/Versions/A/Resources/libRadiance.dylib
0x00007fff49381000 	/System/Library/PrivateFrameworks/AppleJPEG.framework/Versions/A/AppleJPEG
0x00007fff421cc000 	/System/Library/Frameworks/OpenGL.framework/Versions/A/Libraries/libGFXShared.dylib
0x00007fff4238f000 	/System/Library/Frameworks/OpenGL.framework/Versions/A/Libraries/libGLU.dylib
0x00007fff421d5000 	/System/Library/Frameworks/OpenGL.framework/Versions/A/Libraries/libGL.dylib
0x00007fff421e1000 	/System/Library/Frameworks/OpenGL.framework/Versions/A/Libraries/libGLImage.dylib
0x00007fff421be000 	/System/Library/Frameworks/OpenGL.framework/Versions/A/Libraries/libCVMSPluginSupport.dylib
0x00007fff421c7000 	/System/Library/Frameworks/OpenGL.framework/Versions/A/Libraries/libCoreVMClient.dylib
0x00007fff62acd000 	/usr/lib/libcups.2.dylib
0x00007fff3d241000 	/System/Library/Frameworks/Kerberos.framework/Versions/A/Kerberos
0x00007fff3b75c000 	/System/Library/Frameworks/GSS.framework/Versions/A/GSS
0x00007fff641e1000 	/usr/lib/libresolv.9.dylib
0x00007fff62cc0000 	/usr/lib/libiconv.2.dylib
0x00007fff5511b000 	/System/Library/PrivateFrameworks/Heimdal.framework/Versions/A/Heimdal
0x00007fff62c90000 	/usr/lib/libheimdal-asn1.dylib
0x00007fff41863000 	/System/Library/Frameworks/OpenDirectory.framework/Versions/A/OpenDirectory
0x00007fff4bbaa000 	/System/Library/PrivateFrameworks/CommonAuth.framework/Versions/A/CommonAuth
0x00007fff41847000 	/System/Library/Frameworks/OpenDirectory.framework/Versions/A/Frameworks/CFOpenDirectory.framework/Versions/A/CFOpenDirectory
0x00007fff44914000 	/System/Library/Frameworks/SecurityFoundation.framework/Versions/A/SecurityFoundation
0x00007fff48018000 	/System/Library/PrivateFrameworks/APFS.framework/Versions/A/APFS
0x00007fff64642000 	/usr/lib/libutil.dylib
0x00007fff6236a000 	/usr/lib/libcharset.1.dylib
0x00007fff4961e000 	/System/Library/PrivateFrameworks/AppleSauce.framework/Versions/A/AppleSauce
0x00007fff4979f000 	/System/Library/PrivateFrameworks/AssertionServices.framework/Versions/A/AssertionServices
0x00007fff49ed0000 	/System/Library/PrivateFrameworks/BaseBoard.framework/Versions/A/BaseBoard
0x00007fff63091000 	/usr/lib/libmecab.1.0.0.dylib
0x00007fff62c8a000 	/usr/lib/libgermantok.dylib
0x00007fff62138000 	/usr/lib/libThaiTokenizer.dylib
0x00007fff61be3000 	/usr/lib/libChineseTokenizer.dylib
0x00007fff56b52000 	/System/Library/PrivateFrameworks/LanguageModeling.framework/Versions/A/LanguageModeling
0x00007fff4c88c000 	/System/Library/PrivateFrameworks/CoreEmoji.framework/Versions/A/CoreEmoji
0x00007fff56c2e000 	/System/Library/PrivateFrameworks/Lexicon.framework/Versions/A/Lexicon
0x00007fff56c71000 	/System/Library/PrivateFrameworks/LinguisticData.framework/Versions/A/LinguisticData
0x00007fff6236b000 	/usr/lib/libcmph.dylib
0x00007fff449d2000 	/System/Library/Frameworks/ServiceManagement.framework/Versions/A/ServiceManagement
0x00007fff49e31000 	/System/Library/PrivateFrameworks/BackgroundTaskManagement.framework/Versions/A/BackgroundTaskManagement
0x00007fff6473c000 	/usr/lib/libxslt.1.dylib
0x00007fff38647000 	/System/Library/Frameworks/Carbon.framework/Versions/A/Frameworks/Ink.framework/Versions/A/Ink
0x00007fff5fc72000 	/System/Library/PrivateFrameworks/TextureIO.framework/Versions/A/TextureIO
0x00007fff6218c000 	/usr/lib/libate.dylib
0x00007fff4db6e000 	/System/Library/PrivateFrameworks/CrashReporterSupport.framework/Versions/A/CrashReporterSupport
0x00007fff5d3ac000 	/System/Library/PrivateFrameworks/Sharing.framework/Versions/A/Sharing
0x00007fff49b83000 	/System/Library/PrivateFrameworks/AuthKit.framework/Versions/A/AuthKit
0x00007fff490d6000 	/System/Library/PrivateFrameworks/Apple80211.framework/Versions/A/Apple80211
0x00007fff4d916000 	/System/Library/PrivateFrameworks/CoreUtils.framework/Versions/A/CoreUtils
0x00007fff3ae8d000 	/System/Library/Frameworks/CoreWLAN.framework/Versions/A/CoreWLAN
0x00007fff3b88b000 	/System/Library/Frameworks/IOBluetooth.framework/Versions/A/IOBluetooth
0x00007fff5b820000 	/System/Library/PrivateFrameworks/ProtocolBuffer.framework/Versions/A/ProtocolBuffer
0x00007fff57c1e000 	/System/Library/PrivateFrameworks/MobileKeyBag.framework/Versions/A/MobileKeyBag
0x00007fff4d15a000 	/System/Library/PrivateFrameworks/CorePhoneNumbers.framework/Versions/A/CorePhoneNumbers
0x00007fff49335000 	/System/Library/PrivateFrameworks/AppleIDAuthSupport.framework/Versions/A/AppleIDAuthSupport
0x00007fff56b25000 	/System/Library/PrivateFrameworks/KeychainCircle.framework/Versions/A/KeychainCircle
0x00007fff5b9d6000 	/System/Library/PrivateFrameworks/ROCKit.framework/Versions/A/ROCKit
0x00007fff4db0a000 	/System/Library/PrivateFrameworks/CoreWiFi.framework/Versions/A/CoreWiFi
0x00007fff38c15000 	/System/Library/Frameworks/CoreBluetooth.framework/Versions/A/CoreBluetooth
0x00007fff4dd65000 	/System/Library/PrivateFrameworks/DebugSymbols.framework/Versions/A/DebugSymbols
0x00007fff4d6d6000 	/System/Library/PrivateFrameworks/CoreSymbolication.framework/Versions/A/CoreSymbolication
0x00007fff5f48f000 	/System/Library/PrivateFrameworks/Symbolication.framework/Versions/A/Symbolication
0x00007fff5ed32000 	/System/Library/PrivateFrameworks/SpeechRecognitionCore.framework/Versions/A/SpeechRecognitionCore
0x0000000100c00000 	/Library/Java/JavaVirtualMachines/jdk1.8.0_261.jdk/Contents/Home/jre/lib/server/libjvm.dylib
0x000000010032b000 	/Library/Java/JavaVirtualMachines/jdk1.8.0_261.jdk/Contents/Home/jre/lib/libverify.dylib
0x000000010033c000 	/Library/Java/JavaVirtualMachines/jdk1.8.0_261.jdk/Contents/Home/jre/lib/libjava.dylib
0x00000001003b9000 	/Library/Java/JavaVirtualMachines/jdk1.8.0_261.jdk/Contents/Home/jre/lib/libzip.dylib
0x0000000108451000 	/private/var/folders/zz/zyxvpxvq6csfxvn_n0001qfc000dvl/T/libgdxckendall/d8ae55ed/libgdx64.dylib
0x00007fff6451d000 	/usr/lib/libstdc++.6.dylib
0x00000001084a7000 	/Library/Java/JavaVirtualMachines/jdk1.8.0_261.jdk/Contents/Home/jre/lib/libawt.dylib
0x0000000108547000 	/Library/Java/JavaVirtualMachines/jdk1.8.0_261.jdk/Contents/Home/jre/lib/./libmlib_image.dylib
0x00007fff3d22a000 	/System/Library/Frameworks/JavaVM.framework/Versions/A/Frameworks/JavaNativeFoundation.framework/Versions/A/JavaNativeFoundation
0x00007fff3d233000 	/System/Library/Frameworks/JavaVM.framework/Versions/A/Frameworks/JavaRuntimeSupport.framework/Versions/A/JavaRuntimeSupport
0x00007fff3d23c000 	/System/Library/Frameworks/JavaVM.framework/Versions/A/JavaVM
0x00007fff56a44000 	/System/Library/PrivateFrameworks/JavaLaunching.framework/Versions/A/JavaLaunching
0x00007fff38340000 	/System/Library/Frameworks/Carbon.framework/Versions/A/Carbon
0x00007fff38341000 	/System/Library/Frameworks/Carbon.framework/Versions/A/Frameworks/CommonPanels.framework/Versions/A/CommonPanels
0x00007fff3863d000 	/System/Library/Frameworks/Carbon.framework/Versions/A/Frameworks/Help.framework/Versions/A/Help
0x00007fff38641000 	/System/Library/Frameworks/Carbon.framework/Versions/A/Frameworks/ImageCapture.framework/Versions/A/ImageCapture
0x00007fff386dd000 	/System/Library/Frameworks/Carbon.framework/Versions/A/Frameworks/OpenScripting.framework/Versions/A/OpenScripting
0x00007fff38715000 	/System/Library/Frameworks/Carbon.framework/Versions/A/Frameworks/Print.framework/Versions/A/Print
0x00007fff38717000 	/System/Library/Frameworks/Carbon.framework/Versions/A/Frameworks/SecurityHI.framework/Versions/A/SecurityHI
0x0000000108606000 	/Library/Java/JavaVirtualMachines/jdk1.8.0_261.jdk/Contents/Home/jre/lib/libawt_lwawt.dylib
0x00000001086b5000 	/Library/Java/JavaVirtualMachines/jdk1.8.0_261.jdk/Contents/Home/jre/lib/./libosxapp.dylib
0x00007fff3b318000 	/System/Library/Frameworks/ExceptionHandling.framework/Versions/A/ExceptionHandling
0x00007fff4d2de000 	/System/Library/PrivateFrameworks/CoreServicesInternal.framework/Versions/A/CoreServicesInternal
0x00007fff2d819000 	/System/Library/CoreServices/RawCamera.bundle/Contents/MacOS/RawCamera
0x00007fff57a39000 	/System/Library/PrivateFrameworks/MobileAsset.framework/Versions/A/MobileAsset
0x00007fff5f3dd000 	/System/Library/PrivateFrameworks/StreamingZip.framework/Versions/A/StreamingZip
0x00007fff3d5ce000 	/System/Library/Frameworks/MediaToolbox.framework/Versions/A/MediaToolbox
0x00007fff4c430000 	/System/Library/PrivateFrameworks/CoreAVCHD.framework/Versions/A/CoreAVCHD
0x00007fff3d514000 	/System/Library/Frameworks/MediaAccessibility.framework/Versions/A/MediaAccessibility
0x00007fff57495000 	/System/Library/PrivateFrameworks/Mangrove.framework/Versions/A/Mangrove
0x00007fff3a1ae000 	/System/Library/Frameworks/CoreMedia.framework/Versions/A/CoreMedia
0x00007fff4503b000 	/System/Library/Frameworks/VideoToolbox.framework/Versions/A/VideoToolbox
0x00007fff4c04c000 	/System/Library/PrivateFrameworks/CoreAUC.framework/Versions/A/CoreAUC
0x00007fff6424a000 	/usr/lib/libspindump.dylib
0x00007fff49704000 	/System/Library/PrivateFrameworks/AppleVA.framework/Versions/A/AppleVA
0x00007fff3549a000 	/System/Library/Frameworks/Accelerate.framework/Versions/A/Frameworks/vImage.framework/Versions/A/Libraries/libCGInterfaces.dylib
0x00007fff3778d000 	/System/Library/Frameworks/ApplicationServices.framework/Versions/A/Frameworks/ATS.framework/Versions/A/Resources/libTrueTypeScaler.dylib
0x00007fff2db75000 	/System/Library/Extensions/AMDMTLBronzeDriver.bundle/Contents/MacOS/AMDMTLBronzeDriver
0x00007fff56490000 	/System/Library/PrivateFrameworks/IOAccelMemoryInfo.framework/Versions/A/IOAccelMemoryInfo
0x00007fff52af4000 	/System/Library/PrivateFrameworks/GPUCompiler.framework/Versions/3902/Libraries/libmetal_timestamp.dylib
0x00007fff60c2b000 	/System/Library/PrivateFrameworks/ViewBridge.framework/Versions/A/ViewBridge
0x000000011b696000 	/Library/Java/JavaVirtualMachines/jdk1.8.0_261.jdk/Contents/Home/jre/lib/libfontmanager.dylib
0x000000011b6f7000 	/private/var/folders/zz/zyxvpxvq6csfxvn_n0001qfc000dvl/T/libgdxckendall/f7649394/liblwjgl.dylib
0x00000001086f0000 	/Library/Java/JavaVirtualMachines/jdk1.8.0_261.jdk/Contents/Home/jre/lib/libjawt.dylib
0x000000011b779000 	/var/folders/zz/zyxvpxvq6csfxvn_n0001qfc000dvl/T/libgdxckendall/f7649394/openal.dylib
0x000000011b7e8000 	/System/Library/Components/CoreAudio.component/Contents/MacOS/CoreAudio
0x0000000108943000 	/System/Library/Extensions/AppleHDA.kext/Contents/PlugIns/AppleHDAHALPlugIn.bundle/Contents/MacOS/AppleHDAHALPlugIn
0x00007fff42d7a000 	/System/Library/Frameworks/OpenGL.framework/Versions/A/Resources/GLEngine.bundle/GLEngine
0x00007fff4221c000 	/System/Library/Frameworks/OpenGL.framework/Versions/A/Libraries/libGLProgrammability.dylib
0x000000011ba19000 	/System/Library/Extensions/AMDRadeonX4000GLDriver.bundle/Contents/MacOS/AMDRadeonX4000GLDriver
0x00007fff54189000 	/System/Library/PrivateFrameworks/GPUSupport.framework/Versions/A/Libraries/libGPUSupportMercury.dylib
0x00007fff2dc82000 	/System/Library/Extensions/AMDRadeonX4000GLDriver.bundle/Contents/MacOS/ATIRadeonX4000SCLib.dylib
0x00007fff42f12000 	/System/Library/Frameworks/OpenGL.framework/Versions/A/Resources/GLRendererFloat.bundle/GLRendererFloat
0x00007fff417e6000 	/System/Library/Frameworks/OpenCL.framework/Versions/A/Libraries/libcldcpuengine.dylib
0x00007fff627bf000 	/usr/lib/libcrypto.35.dylib
0x00007fff5fdf0000 	/System/Library/PrivateFrameworks/TrustEvaluationAgent.framework/Versions/A/TrustEvaluationAgent
0x00000001097a6000 	/usr/lib/libobjc-trampolines.dylib

VM Arguments:
jvm_args: -Dfile.encoding=UTF-8 -Duser.country=US -Duser.language=en -Duser.variant 
java_command: com.vlaaad.dice.DesktopLauncher
java_class_path (initial): /Users/ckendall/Desktop/dice-heroes/desktop/build/classes/main:/Users/ckendall/Desktop/dice-heroes/desktop/build/resources/main:/Users/ckendall/Desktop/dice-heroes/main/libs/snakeyaml-android-1.8.jar:/Users/ckendall/Desktop/dice-heroes/main/build/libs/main-1.0.jar:/Users/ckendall/.gradle/caches/modules-2/files-2.1/com.badlogicgames.gdx/gdx-backend-lwjgl/1.5.6/c6f56429187186deb360018d762d5ade984ea516/gdx-backend-lwjgl-1.5.6.jar:/Users/ckendall/.gradle/caches/modules-2/files-2.1/com.badlogicgames.gdx/gdx-platform/1.5.6/ff71a24efc6d26cc2f1555834dba17d2889706d/gdx-platform-1.5.6-natives-desktop.jar:/Users/ckendall/.gradle/caches/modules-2/files-2.1/com.badlogicgames.gdx/gdx/1.5.6/93418008f79684e0fbe15d487c82c21b63389f18/gdx-1.5.6.jar:/Users/ckendall/.gradle/caches/modules-2/files-2.1/org.lwjgl.lwjgl/lwjgl/2.9.2/a9d80fe5935c7a9149f6584d9777cfd471f65489/lwjgl-2.9.2.jar:/Users/ckendall/.gradle/caches/modules-2/files-2.1/org.lwjgl.lwjgl/lwjgl_util/2.9.2/4b9e37300a87799856e0bd15ed81663cdb6b0947/lwjgl_util-2.9.2.jar:/Users/ckendall/.gradle/caches/modules-2/files-2.1/com.badlogicgames.jlayer/jlayer/1.0.1-gdx/7cca83cec5c1b2f011362f4d85aabd71a73b049d/jlayer-1.0.1-gdx.jar:/Users/ckendall/.gradle/caches/modules-2/files-2.1/org.jcraft/jorbis/0.0.17/8872d22b293e8f5d7d56ff92be966e6dc28ebdc6/jorbis-0.0.17.jar:/Users/ckendall/.gradle/caches/modules-2/files-2.1/org.lwjgl.lwjgl/lwjgl-platform/2.9.2/510c7d317f5e9e700b9cfaac5fd38bdebf0702e0/lwjgl-platform-2.9.2-natives-windows.jar:/Users/ckendall/.gradle/caches/modules-2/files-2.1/org.lwjgl.lwjgl/lwjgl-platform/2.9.2/d276cdf61fe2b516c7b7f4aa1b8dea91dbdc8d56/lwjgl-platform-2.9.2-natives-linux.jar:/Users/ckendall/.gradle/caches/modules-2/files-2.1/org.lwjgl.lwjgl/lwjgl-platform/2.9.2/d55b46b40b40249d627a83a7f7f22649709d70c3/lwjgl-platform-2.9.2-natives-osx.jar:/Users/ckendall/.gradle/caches/modules-2/files-2.1/net.java.jinput/jinput/2.0.5/39c7796b469a600f72380316f6b1f11db6c2c7c4/jinput-2.0.5.jar:/Users/ckendall/.
Launcher Type: SUN_STANDARD

Environment Variables:
PATH=/usr/local/bin:/usr/bin:/bin:/usr/sbin:/sbin:/usr/local/munki:/opt/X11/bin
SHELL=/bin/zsh
DISPLAY=/private/tmp/com.apple.launchd.1TdyXHwsCz/org.xquartz:0

Signal Handlers:
SIGSEGV: [libjvm.dylib+0x5a009b], sa_mask[0]=11111111011111110111111111111111, sa_flags=SA_ONSTACK|SA_RESTART|SA_SIGINFO
SIGBUS: [libjvm.dylib+0x5a009b], sa_mask[0]=11111111011111110111111111111111, sa_flags=SA_RESTART|SA_SIGINFO
SIGFPE: [libjvm.dylib+0x490c6d], sa_mask[0]=11111111011111110111111111111111, sa_flags=SA_RESTART|SA_SIGINFO
SIGPIPE: [libjvm.dylib+0x490c6d], sa_mask[0]=11111111011111110111111111111111, sa_flags=SA_RESTART|SA_SIGINFO
SIGXFSZ: [libjvm.dylib+0x490c6d], sa_mask[0]=11111111011111110111111111111111, sa_flags=SA_RESTART|SA_SIGINFO
SIGILL: [libjvm.dylib+0x490c6d], sa_mask[0]=11111111011111110111111111111111, sa_flags=SA_RESTART|SA_SIGINFO
SIGUSR1: SIG_DFL, sa_mask[0]=00000000000000000000000000000000, sa_flags=SA_RESTART
SIGUSR2: [libjvm.dylib+0x491566], sa_mask[0]=00100000000000000000000000000000, sa_flags=SA_RESTART|SA_SIGINFO
SIGHUP: [libjvm.dylib+0x48f775], sa_mask[0]=11111111011111110111111111111111, sa_flags=SA_RESTART|SA_SIGINFO
SIGINT: [libjvm.dylib+0x48f775], sa_mask[0]=11111111011111110111111111111111, sa_flags=SA_RESTART|SA_SIGINFO
SIGTERM: [libjvm.dylib+0x48f775], sa_mask[0]=11111111011111110111111111111111, sa_flags=SA_RESTART|SA_SIGINFO
SIGQUIT: [libjvm.dylib+0x48f775], sa_mask[0]=11111111011111110111111111111111, sa_flags=SA_RESTART|SA_SIGINFO


---------------  S Y S T E M  ---------------

OS:Bsduname:Darwin 18.7.0 Darwin Kernel Version 18.7.0: Tue Jun 22 19:37:08 PDT 2021; root:xnu-4903.278.70~1/RELEASE_X86_64 x86_64
rlimit: STACK 8192k, CORE 0k, NPROC 709, NOFILE 10240, AS infinity
load average:1.85 2.32 1.83

CPU:total 4 (initial active 4) (4 cores per cpu, 1 threads per core) family 6 model 158 stepping 9, cmov, cx8, fxsr, mmx, sse, sse2, sse3, ssse3, sse4.1, sse4.2, popcnt, avx, avx2, aes, clmul, erms, rtm, 3dnowpref, lzcnt, tsc, tscinvbit, bmi1, bmi2, adx

Memory: 4k page, physical 8388608k(30856k free)

/proc/meminfo:


vm_info: Java HotSpot(TM) 64-Bit Server VM (25.261-b12) for bsd-amd64 JRE (1.8.0_261-b12), built on Jun 18 2020 06:38:55 by "java_re" with gcc 4.2.1 Compatible Apple LLVM 10.0.0 (clang-1000.11.45.5)

time: Sat Apr  2 23:47:08 2022
timezone: MSK
elapsed time: 1 seconds (0d 0h 0m 1s)

